<?xml version="1.0" encoding="utf-8"?><testsuites name="pytest tests"><testsuite name="pytest" errors="0" failures="1" skipped="0" tests="12" time="21.143" timestamp="2026-08-26T12:39:14.054568+00:00" hostname="agent-env-a50248d1-cdc1-4d9a-b473-7e879cb0b7e9"><testcase classname="tests.test_iter36_fixes.TestUploadDownload" name="test_legacy_upload_returns_410_or_200" time="0.498" /><testcase classname="tests.test_iter36_fixes.TestReportFilters" name="test_monthly_myntra_has_rows" time="0.637" /><testcase classname="tests.test_iter36_fixes.TestUploadDownload" name="test_new_upload_then_download" time="0.423" /><testcase classname="tests.test_iter36_fixes.TestReportFilters" name="test_monthly_amazon_scoped_empty" time="0.217" /><testcase classname="tests.test_iter36_fixes.TestReportFilters" name="test_export_portal_scoped" time="5.618" /><testcase classname="tests.test_iter36_fixes.TestUploadDownload" name="test_download_unknown_id_404" time="0.653" /><testcase classname="tests.test_iter36_fixes.TestInsights" name="test_health_score_myntra" time="4.094" /><testcase classname="tests.test_iter36_fixes.TestInsights" name="test_health_score_portal_scoped_differs" time="0.371" /><testcase classname="tests.test_iter36_fixes.TestInsights" name="test_morning_brief" time="14.568"><failure message="AssertionError: empty headline&#10;assert ''&#10; +  where '' = &lt;built-in method strip of str object at 0xff06cb6a0c08&gt;()&#10; +    where &lt;built-in method strip of str object at 0xff06cb6a0c08&gt; = (None or '').strip&#10; +      where None = &lt;built-in method get of dict object at 0xff06ad130640&gt;('headline')&#10; +        where &lt;built-in method get of dict object at 0xff06ad130640&gt; = {'label': '2026-04', 'health': {'score': 95.6, 'grade': 'A', 'headline': 'Excellent — leakage contained, margins healthy.', 'components': {'mapping_health': 100.0, 'leakage_health': 100.0, 'margin_health': 82.3, 'recovery_health': 100}, ...}, 'narrative': &quot;### Morning Finance Brief — Myntra | April 2026\n\n---\n\n### Headline\nA near-perfect settlement month: 21,614 orders closed with zero leakage, zero discrepancies, and a 95.6 health score.\n\n---\n\n### What Went Well\n\n- **Full catalog integrity and zero leakage** — Mapping health and leakage health both scored 100.0; every order is accounted for and no revenue has slipped through untracked deductions.\n- **Clean recovery position** — Recovery health at 100.0 with no open disputes or outstanding claims, meaning the ₹10.46 M expected settlement should land without friction.\n\n---\n\n### What Needs Attention\n\n- **Margin health is the sole drag on the overall score (82.3/100)** — Total expected deductions of ₹37.13 L represent ~29.2% of NSV (₹1.27 Cr), compressing net margin headroom; this is the primary lever to investigate.\n- **Handbags concentration risk** — The sub-category drives ₹50.59 L in NSV and ₹6.51 L in commission (50.7% of total expected commission) on just 2,952 orders; a single pricing or returns event here moves the P&amp;L materially.\n- **Commission-to-NSV ratio disparity across categories** — Handbags runs at ~12.9% commission rate vs. Dresses at ~7.9% and Tops at ~7.7%, signaling meaningfully different rate structures or product-mix effects that warrant a line-by-line rate audit.\n\n---\n\n### Recommended Actions Today\n\n- **Pull the deductions breakdown immediately** — With ₹37.13 L in expected deductions against ₹1.27 Cr NSV, request the itemized deduction schedule from Myntra's portal today to confirm each line ties to contracted rates before settlement is processed.\n- **Stress-test the Handbags position** — Given its 50.7% commission share, validate that the ₹6.51 L commission charge aligns with the agreed rate card and review return/cancellation exposure on the 2,952 orders before month-close.\n- **Initiate a category rate-card reconciliation for Dresses and Tops** — The lower commission rates on 9,947 combined orders (Dresses + Tops) vs. Handbags should be cross-referenced against current contracts to rule out under- or over-billing on high-volume SKUs.&quot;, 'source': 'llm'}.get">tests/test_iter36_fixes.py:151: in test_morning_brief
    assert (b.get("headline") or "").strip(), "empty headline"
E   AssertionError: empty headline
E   assert ''
E    +  where '' = &lt;built-in method strip of str object at 0xff06cb6a0c08&gt;()
E    +    where &lt;built-in method strip of str object at 0xff06cb6a0c08&gt; = (None or '').strip
E    +      where None = &lt;built-in method get of dict object at 0xff06ad130640&gt;('headline')
E    +        where &lt;built-in method get of dict object at 0xff06ad130640&gt; = {'label': '2026-04', 'health': {'score': 95.6, 'grade': 'A', 'headline': 'Excellent — leakage contained, margins healthy.', 'components': {'mapping_health': 100.0, 'leakage_health': 100.0, 'margin_health': 82.3, 'recovery_health': 100}, ...}, 'narrative': "### Morning Finance Brief — Myntra | April 2026\n\n---\n\n### Headline\nA near-perfect settlement month: 21,614 orders closed with zero leakage, zero discrepancies, and a 95.6 health score.\n\n---\n\n### What Went Well\n\n- **Full catalog integrity and zero leakage** — Mapping health and leakage health both scored 100.0; every order is accounted for and no revenue has slipped through untracked deductions.\n- **Clean recovery position** — Recovery health at 100.0 with no open disputes or outstanding claims, meaning the ₹10.46 M expected settlement should land without friction.\n\n---\n\n### What Needs Attention\n\n- **Margin health is the sole drag on the overall score (82.3/100)** — Total expected deductions of ₹37.13 L represent ~29.2% of NSV (₹1.27 Cr), compressing net margin headroom; this is the primary lever to investigate.\n- **Handbags concentration risk** — The sub-category drives ₹50.59 L in NSV and ₹6.51 L in commission (50.7% of total expected commission) on just 2,952 orders; a single pricing or returns event here moves the P&amp;L materially.\n- **Commission-to-NSV ratio disparity across categories** — Handbags runs at ~12.9% commission rate vs. Dresses at ~7.9% and Tops at ~7.7%, signaling meaningfully different rate structures or product-mix effects that warrant a line-by-line rate audit.\n\n---\n\n### Recommended Actions Today\n\n- **Pull the deductions breakdown immediately** — With ₹37.13 L in expected deductions against ₹1.27 Cr NSV, request the itemized deduction schedule from Myntra's portal today to confirm each line ties to contracted rates before settlement is processed.\n- **Stress-test the Handbags position** — Given its 50.7% commission share, validate that the ₹6.51 L commission charge aligns with the agreed rate card and review return/cancellation exposure on the 2,952 orders before month-close.\n- **Initiate a category rate-card reconciliation for Dresses and Tops** — The lower commission rates on 9,947 combined orders (Dresses + Tops) vs. Handbags should be cross-referenced against current contracts to rule out under- or over-billing on high-volume SKUs.", 'source': 'llm'}.get</failure></testcase><testcase classname="tests.test_iter36_fixes.TestRegression" name="test_uploads_listing" time="0.091" /><testcase classname="tests.test_iter36_fixes.TestRegression" name="test_calculations_query" time="0.109" /><testcase classname="tests.test_iter36_fixes.TestRecovery" name="test_recovery_cases" time="0.164" /></testsuite></testsuites>