<?xml version="1.0" encoding="utf-8"?><testsuites name="pytest tests"><testsuite name="pytest" errors="0" failures="0" skipped="0" tests="17" time="23.379" timestamp="2026-08-21T13:04:29.859093+00:00" hostname="agent-env-a50248d1-cdc1-4d9a-b473-7e879cb0b7e9"><testcase classname="tests.test_marketing_studio.TestMarketingAuth" name="test_login_success" time="0.408" /><testcase classname="tests.test_marketing_studio.TestMarketingAuth" name="test_login_wrong_password" time="0.303" /><testcase classname="tests.test_marketing_studio.TestMarketingAuth" name="test_posts_requires_auth" time="0.209" /><testcase classname="tests.test_marketing_studio.TestMarketingAuth" name="test_posts_invalid_token" time="0.264" /><testcase classname="tests.test_marketing_studio.TestMarketingAuth" name="test_marketing_token_cannot_access_admin_me" time="0.427" /><testcase classname="tests.test_marketing_studio.TestSeededGallery" name="test_list_seeded_posts" time="0.133" /><testcase classname="tests.test_marketing_studio.TestSeededGallery" name="test_rebrand_no_finance_os" time="0.148" /><testcase classname="tests.test_marketing_studio.TestSeededGallery" name="test_at_least_one_title_mentions_autopilot" time="0.128" /><testcase classname="tests.test_marketing_studio.TestSeededGallery" name="test_all_seeded_images_served" time="1.624" /><testcase classname="tests.test_marketing_studio.TestSeededGallery" name="test_image_requires_auth" time="0.273" /><testcase classname="tests.test_marketing_studio.TestSeededGallery" name="test_image_unknown_id_404" time="0.153" /><testcase classname="tests.test_marketing_studio.TestGenerateAndDelete" name="test_create_post_infographic" time="17.909" /><testcase classname="tests.test_marketing_studio.TestGenerateAndDelete" name="test_create_requires_auth" time="0.140" /><testcase classname="tests.test_marketing_studio.TestGenerateAndDelete" name="test_create_validation_error" time="0.128" /><testcase classname="tests.test_marketing_studio.TestGenerateAndDelete" name="test_delete_created_post" time="0.434" /><testcase classname="tests.test_marketing_studio.TestGenerateAndDelete" name="test_delete_unknown_404" time="0.180" /><testcase classname="tests.test_marketing_studio.TestAdminRegression" name="test_admin_login_and_me" time="0.440" /></testsuite></testsuites>