<?xml version="1.0" encoding="utf-8"?><testsuites name="pytest tests"><testsuite name="pytest" errors="0" failures="0" skipped="0" tests="10" time="2.120" timestamp="2026-07-21T14:07:56.531584+00:00" hostname="agent-env-5c7ef5fe-ee13-406f-9d9b-62f59789c18e"><testcase classname="tests.test_return_velocity.TestReturnVelocity" name="test_structure_and_magnitudes" time="0.846" /><testcase classname="tests.test_return_velocity.TestRegression" name="test_overview" time="0.914" /><testcase classname="tests.test_return_velocity.TestReturnVelocity" name="test_by_sub_category_sorted_and_dresses_top" time="0.063" /><testcase classname="tests.test_return_velocity.TestReturnVelocity" name="test_empty_state" time="0.065" /><testcase classname="tests.test_return_velocity.TestRegression" name="test_commission_summary" time="0.197" /><testcase classname="tests.test_return_velocity.TestCalculationsOrderTypeFilter" name="test_return_dto_total" time="0.230" /><testcase classname="tests.test_return_velocity.TestRegression" name="test_recon_summary" time="0.068" /><testcase classname="tests.test_return_velocity.TestRegression" name="test_health_score" time="0.200" /><testcase classname="tests.test_return_velocity.TestCalculationsOrderTypeFilter" name="test_sales_total" time="0.316" /><testcase classname="tests.test_return_velocity.TestCalculationsOrderTypeFilter" name="test_dresses_return_dto_matches_velocity_row" time="0.181" /></testsuite></testsuites>