<?xml version="1.0" encoding="utf-8"?><testsuites name="pytest tests"><testsuite name="pytest" errors="0" failures="0" skipped="0" tests="26" time="28.656" timestamp="2026-08-21T13:10:29.683578+00:00" hostname="agent-env-a50248d1-cdc1-4d9a-b473-7e879cb0b7e9"><testcase classname="tests.test_brochure.TestBrochurePublic" name="test_status_200_no_auth" time="0.240" /><testcase classname="tests.test_brochure.TestBrochurePublic" name="test_content_type_pdf" time="0.000" /><testcase classname="tests.test_brochure.TestBrochurePublic" name="test_content_disposition_filename" time="0.000" /><testcase classname="tests.test_brochure.TestBrochurePublic" name="test_pdf_magic_and_size" time="0.000" /><testcase classname="tests.test_brochure.TestBrochurePublic" name="test_pdf_page_count_is_5" time="0.000" /><testcase classname="tests.test_brochure.TestBrochurePublic" name="test_ignores_bogus_bearer_token" time="0.207" /><testcase classname="tests.test_brochure.TestMarketingGalleryRegression" name="test_posts_listed" time="0.579" /><testcase classname="tests.test_brochure.TestMarketingGalleryRegression" name="test_images_load" time="1.447" /><testcase classname="tests.test_brochure.TestMainAppLoginRegression" name="test_admin_login" time="0.511" /><testcase classname="tests.test_marketing_studio.TestMarketingAuth" name="test_login_success" time="0.380" /><testcase classname="tests.test_marketing_studio.TestMarketingAuth" name="test_login_wrong_password" time="0.286" /><testcase classname="tests.test_marketing_studio.TestMarketingAuth" name="test_posts_requires_auth" time="0.135" /><testcase classname="tests.test_marketing_studio.TestMarketingAuth" name="test_posts_invalid_token" time="0.132" /><testcase classname="tests.test_marketing_studio.TestMarketingAuth" name="test_marketing_token_cannot_access_admin_me" time="0.453" /><testcase classname="tests.test_marketing_studio.TestSeededGallery" name="test_list_seeded_posts" time="0.157" /><testcase classname="tests.test_marketing_studio.TestSeededGallery" name="test_rebrand_no_finance_os" time="0.124" /><testcase classname="tests.test_marketing_studio.TestSeededGallery" name="test_at_least_one_title_mentions_autopilot" time="0.137" /><testcase classname="tests.test_marketing_studio.TestSeededGallery" name="test_all_seeded_images_served" time="1.430" /><testcase classname="tests.test_marketing_studio.TestSeededGallery" name="test_image_requires_auth" time="0.340" /><testcase classname="tests.test_marketing_studio.TestSeededGallery" name="test_image_unknown_id_404" time="0.140" /><testcase classname="tests.test_marketing_studio.TestGenerateAndDelete" name="test_create_post_infographic" time="20.374" /><testcase classname="tests.test_marketing_studio.TestGenerateAndDelete" name="test_create_requires_auth" time="0.169" /><testcase classname="tests.test_marketing_studio.TestGenerateAndDelete" name="test_create_validation_error" time="0.119" /><testcase classname="tests.test_marketing_studio.TestGenerateAndDelete" name="test_delete_created_post" time="0.633" /><testcase classname="tests.test_marketing_studio.TestGenerateAndDelete" name="test_delete_unknown_404" time="0.162" /><testcase classname="tests.test_marketing_studio.TestAdminRegression" name="test_admin_login_and_me" time="0.437" /></testsuite></testsuites>