<?xml version="1.0" encoding="utf-8"?><testsuites name="pytest tests"><testsuite name="pytest" errors="0" failures="0" skipped="0" tests="15" time="2.146" timestamp="2026-07-28T06:08:36.486559+00:00" hostname="agent-env-96c67881-f682-4a2e-8f8b-2ac5788d9e31"><testcase classname="tests.test_iter12_portals.TestPortalFilter" name="test_overview_myntra_has_data" time="0.582" /><testcase classname="tests.test_iter12_portals.TestListEndpointsPortalParam" name="test_calculations" time="0.751" /><testcase classname="tests.test_iter12_portals.TestPortalFilter" name="test_overview_amazon_empty" time="0.122" /><testcase classname="tests.test_iter12_portals.TestPortalFilter" name="test_overview_all" time="0.123" /><testcase classname="tests.test_iter12_portals.TestListEndpointsPortalParam" name="test_discrepancies" time="0.137" /><testcase classname="tests.test_iter12_portals.TestPortalFilter" name="test_commission_summary_portal" time="0.156" /><testcase classname="tests.test_iter12_portals.TestListEndpointsPortalParam" name="test_recovery_cases" time="0.142" /><testcase classname="tests.test_iter12_portals.TestPortalFilter" name="test_reconciliation_summary_portal" time="0.117" /><testcase classname="tests.test_iter12_portals.TestListEndpointsPortalParam" name="test_recovery_summary" time="0.138" /><testcase classname="tests.test_iter12_portals.TestPortalFilter" name="test_return_velocity_portal" time="0.129" /><testcase classname="tests.test_iter12_portals.TestListEndpointsPortalParam" name="test_reports_period" time="0.117" /><testcase classname="tests.test_iter12_portals.TestPortalsSummary" name="test_shape" time="0.256" /><testcase classname="tests.test_iter12_portals.TestCalcRunPortal" name="test_run_amazon_empty_no_crash" time="0.176" /><testcase classname="tests.test_iter12_portals.TestUploadHeaderErrors" name="test_missing_required_columns_error" time="0.293" /><testcase classname="tests.test_iter12_portals.TestPortalsSummary" name="test_expected_six_portals" time="0.154" /></testsuite></testsuites>