<?xml version="1.0" encoding="utf-8"?><testsuites name="pytest tests"><testsuite name="pytest" errors="0" failures="0" skipped="0" tests="11" time="1.941" timestamp="2026-07-21T07:43:22.641962+00:00" hostname="agent-env-5c7ef5fe-ee13-406f-9d9b-62f59789c18e"><testcase classname="tests.test_rebrand_perf" name="test_endpoint_latency_cache[/api/dashboard/overview?period_type=month&amp;period_value=2026-04]" time="0.500" /><testcase classname="tests.test_rebrand_perf" name="test_endpoint_latency_cache[/api/dashboard/commission-summary?period_type=month&amp;period_value=2026-04]" time="0.177" /><testcase classname="tests.test_rebrand_perf" name="test_endpoint_latency_cache[/api/dashboard/reconciliation-summary?period_type=month&amp;period_value=2026-04]" time="0.089" /><testcase classname="tests.test_rebrand_perf" name="test_endpoint_latency_cache[/api/reports/period?period_type=month&amp;period_value=2026-04]" time="0.139" /><testcase classname="tests.test_rebrand_perf" name="test_endpoint_latency_cache[/api/reports/monthly?month=2026-04]" time="0.095" /><testcase classname="tests.test_rebrand_perf" name="test_endpoint_latency_cache[/api/insights/health-score?period_type=month&amp;period_value=2026-04]" time="0.214" /><testcase classname="tests.test_rebrand_perf" name="test_endpoint_latency_cache[/api/recovery/summary?period_type=month&amp;period_value=2026-04]" time="0.130" /><testcase classname="tests.test_rebrand_perf" name="test_reports_periods" time="0.042" /><testcase classname="tests.test_rebrand_perf" name="test_reports_months" time="0.043" /><testcase classname="tests.test_rebrand_perf" name="test_gzip_encoding" time="0.042" /><testcase classname="tests.test_rebrand_perf" name="test_cache_different_period" time="0.131" /></testsuite></testsuites>