<?xml version="1.0" encoding="utf-8"?><testsuites name="pytest tests"><testsuite name="pytest" errors="0" failures="4" skipped="0" tests="11" time="1.758" timestamp="2026-07-21T14:00:26.677843+00:00" hostname="agent-env-5c7ef5fe-ee13-406f-9d9b-62f59789c18e"><testcase classname="tests.test_iter6_returns" name="test_sales_total_count" time="0.585" /><testcase classname="tests.test_iter6_returns" name="test_sales_returns_present" time="0.069" /><testcase classname="tests.test_iter6_returns" name="test_sales_months" time="0.065" /><testcase classname="tests.test_iter6_returns" name="test_calculations_total" time="0.076" /><testcase classname="tests.test_iter6_returns" name="test_order_type_distribution" time="0.103" /><testcase classname="tests.test_iter6_returns" name="test_math_sales" time="0.003"><failure message="KeyError: 'nsv_val'">backend/tests/test_iter6_returns.py:102: in test_math_sales
    nsv = abs(d["nsv_val"]); gt = abs(d.get("gt_charge", 0))
              ^^^^^^^^^^^^
E   KeyError: 'nsv_val'</failure></testcase><testcase classname="tests.test_iter6_returns" name="test_math_return_dto" time="0.003"><failure message="KeyError: 'nsv_val'">backend/tests/test_iter6_returns.py:122: in test_math_return_dto
    nsv_after = -abs(d["nsv_val"])
                     ^^^^^^^^^^^^
E   KeyError: 'nsv_val'</failure></testcase><testcase classname="tests.test_iter6_returns" name="test_math_return" time="0.003"><failure message="KeyError: 'nsv_val'">backend/tests/test_iter6_returns.py:132: in test_math_return
    assert d["nsv_val"] &lt; 0, d
           ^^^^^^^^^^^^
E   KeyError: 'nsv_val'</failure></testcase><testcase classname="tests.test_iter6_returns" name="test_math_rto_zero" time="0.003" /><testcase classname="tests.test_iter6_returns" name="test_financial_aggregates" time="0.023" /><testcase classname="tests.test_iter6_returns" name="test_search_ba030aab" time="0.087"><failure message="AssertionError: expected 2 rows, got 1: [{'id': '4be3ad69-0a26-4f67-957d-655b3e7d6146', 'sales_id': '3fc2c0d5-aca8-448a-91ae-51ecd5e58438', 'upload_id': '2ae44043-40bc-4352-9a20-d1460a255229', 'online_order_id': 'BA030AAB-E147-4FA2-847F-8B119D06AEC1', 'sku': 'DT1150TAUPC01', 'computed_at': '2026-07-21T13:58:27.457384+00:00', 'commission_base': 871.36, 'commission_gst': 156.84, 'commission_incl_gst': 1028.2, 'commission_pct': 0.14, 'fixed_fee': 61.0, 'fixed_fee_gst': 10.98, 'fixed_fee_incl_gst': 71.98, 'gt_charge': 266.0, 'return_fee': 0.0, 'tcs': 31.12, 'tds': 6.22, 'nsv_after_gt': 6224.0, 'total_deductions': 1403.53, 'expected_settlement': 4820.47, 'order_type': 'sales', 'is_return': False, 'unmapped': False, 'unmapped_reasons': [], 'breakdown': {'isp': 6490.0, 'qty': 1.0, 'nsv_val': 6490.0, 'sub_category': 'Handbags', 'master_category': 'ACCESSORIES', 'zone': 'Zonal', 'level': 'Level 3', 'order_type': 'sales', 'report_month': '2026-04', 'commission_rule': {'id': '3f70929d-c836-4c9e-85e5-b967818f1857', 'commission_pct': 0.14, 'price_range': '&gt;2000', 'commission_model': 'Split Commission and Logistics'}, 'fixed_fee_slab': {'id': 'dcf3842f-04c6-4a16-8244-42f30b4f0eef', 'label': '&gt;2000', 'fixed_fee': 61.0}, 'gt_charge_cell': {'id': '8a2e3030-5550-4690-873d-8bd18a229d8d', 'level': 'Level 3', 'price_range': '&gt;2000', 'unit_charge': 266.0, 'qty': 1.0}, 'return_fee_cell': {'id': '19e97798-f285-409d-9cbd-6604d27b6642', 'zone': 'Zonal', 'level': 'Level 3', 'fee': 194.0, 'applied': False}, 'nsv_after_gt': 6224.0}, 'report_month': '2026-04'}]&#10;assert 1 &gt;= 2&#10; +  where 1 = len([{'id': '4be3ad69-0a26-4f67-957d-655b3e7d6146', 'sales_id': '3fc2c0d5-aca8-448a-91ae-51ecd5e58438', 'upload_id': '2ae44043-40bc-4352-9a20-d1460a255229', 'online_order_id': 'BA030AAB-E147-4FA2-847F-8B119D06AEC1', ...}])">backend/tests/test_iter6_returns.py:171: in test_search_ba030aab
    assert len(items) &gt;= 2, f"expected 2 rows, got {len(items)}: {items}"
E   AssertionError: expected 2 rows, got 1: [{'id': '4be3ad69-0a26-4f67-957d-655b3e7d6146', 'sales_id': '3fc2c0d5-aca8-448a-91ae-51ecd5e58438', 'upload_id': '2ae44043-40bc-4352-9a20-d1460a255229', 'online_order_id': 'BA030AAB-E147-4FA2-847F-8B119D06AEC1', 'sku': 'DT1150TAUPC01', 'computed_at': '2026-07-21T13:58:27.457384+00:00', 'commission_base': 871.36, 'commission_gst': 156.84, 'commission_incl_gst': 1028.2, 'commission_pct': 0.14, 'fixed_fee': 61.0, 'fixed_fee_gst': 10.98, 'fixed_fee_incl_gst': 71.98, 'gt_charge': 266.0, 'return_fee': 0.0, 'tcs': 31.12, 'tds': 6.22, 'nsv_after_gt': 6224.0, 'total_deductions': 1403.53, 'expected_settlement': 4820.47, 'order_type': 'sales', 'is_return': False, 'unmapped': False, 'unmapped_reasons': [], 'breakdown': {'isp': 6490.0, 'qty': 1.0, 'nsv_val': 6490.0, 'sub_category': 'Handbags', 'master_category': 'ACCESSORIES', 'zone': 'Zonal', 'level': 'Level 3', 'order_type': 'sales', 'report_month': '2026-04', 'commission_rule': {'id': '3f70929d-c836-4c9e-85e5-b967818f1857', 'commission_pct': 0.14, 'price_range': '&gt;2000', 'commission_model': 'Split Commission and Logistics'}, 'fixed_fee_slab': {'id': 'dcf3842f-04c6-4a16-8244-42f30b4f0eef', 'label': '&gt;2000', 'fixed_fee': 61.0}, 'gt_charge_cell': {'id': '8a2e3030-5550-4690-873d-8bd18a229d8d', 'level': 'Level 3', 'price_range': '&gt;2000', 'unit_charge': 266.0, 'qty': 1.0}, 'return_fee_cell': {'id': '19e97798-f285-409d-9cbd-6604d27b6642', 'zone': 'Zonal', 'level': 'Level 3', 'fee': 194.0, 'applied': False}, 'nsv_after_gt': 6224.0}, 'report_month': '2026-04'}]
E   assert 1 &gt;= 2
E    +  where 1 = len([{'id': '4be3ad69-0a26-4f67-957d-655b3e7d6146', 'sales_id': '3fc2c0d5-aca8-448a-91ae-51ecd5e58438', 'upload_id': '2ae44043-40bc-4352-9a20-d1460a255229', 'online_order_id': 'BA030AAB-E147-4FA2-847F-8B119D06AEC1', ...}])</failure></testcase></testsuite></testsuites>