<?xml version="1.0" encoding="utf-8"?><testsuites name="pytest tests"><testsuite name="pytest" errors="0" failures="0" skipped="0" tests="17" time="20.373" timestamp="2026-08-21T10:05:36.859806+00:00" hostname="agent-env-a50248d1-cdc1-4d9a-b473-7e879cb0b7e9"><testcase classname="tests.test_marketing_studio.TestMarketingAuth" name="test_login_success" time="0.391" /><testcase classname="tests.test_marketing_studio.TestMarketingAuth" name="test_login_wrong_password" time="0.280" /><testcase classname="tests.test_marketing_studio.TestMarketingAuth" name="test_posts_requires_auth" time="0.095" /><testcase classname="tests.test_marketing_studio.TestMarketingAuth" name="test_posts_invalid_token" time="0.205" /><testcase classname="tests.test_marketing_studio.TestMarketingAuth" name="test_marketing_token_cannot_access_admin_me" time="0.395" /><testcase classname="tests.test_marketing_studio.TestSeededGallery" name="test_list_seeded_posts" time="0.112" /><testcase classname="tests.test_marketing_studio.TestSeededGallery" name="test_rebrand_no_finance_os" time="0.096" /><testcase classname="tests.test_marketing_studio.TestSeededGallery" name="test_at_least_one_title_mentions_autopilot" time="0.126" /><testcase classname="tests.test_marketing_studio.TestSeededGallery" name="test_all_seeded_images_served" time="1.242" /><testcase classname="tests.test_marketing_studio.TestSeededGallery" name="test_image_requires_auth" time="0.235" /><testcase classname="tests.test_marketing_studio.TestSeededGallery" name="test_image_unknown_id_404" time="0.115" /><testcase classname="tests.test_marketing_studio.TestGenerateAndDelete" name="test_create_post_infographic" time="15.866" /><testcase classname="tests.test_marketing_studio.TestGenerateAndDelete" name="test_create_requires_auth" time="0.092" /><testcase classname="tests.test_marketing_studio.TestGenerateAndDelete" name="test_create_validation_error" time="0.188" /><testcase classname="tests.test_marketing_studio.TestGenerateAndDelete" name="test_delete_created_post" time="0.334" /><testcase classname="tests.test_marketing_studio.TestGenerateAndDelete" name="test_delete_unknown_404" time="0.123" /><testcase classname="tests.test_marketing_studio.TestAdminRegression" name="test_admin_login_and_me" time="0.375" /></testsuite></testsuites>