<?xml version="1.0" encoding="utf-8"?><testsuites name="pytest tests"><testsuite name="pytest" errors="0" failures="0" skipped="0" tests="5" time="20.376" timestamp="2026-08-21T09:10:21.000371+00:00" hostname="agent-env-a50248d1-cdc1-4d9a-b473-7e879cb0b7e9"><testcase classname="tests.test_marketing_studio.TestGenerateAndDelete" name="test_create_post_infographic" time="19.667" /><testcase classname="tests.test_marketing_studio.TestGenerateAndDelete" name="test_create_requires_auth" time="0.138" /><testcase classname="tests.test_marketing_studio.TestGenerateAndDelete" name="test_create_validation_error" time="0.114" /><testcase classname="tests.test_marketing_studio.TestGenerateAndDelete" name="test_delete_created_post" time="0.299" /><testcase classname="tests.test_marketing_studio.TestGenerateAndDelete" name="test_delete_unknown_404" time="0.097" /></testsuite></testsuites>