<?xml version="1.0" encoding="utf-8"?><testsuites name="pytest tests"><testsuite name="pytest" errors="0" failures="0" skipped="0" tests="9" time="3.613" timestamp="2026-08-21T13:04:19.337380+00:00" hostname="agent-env-a50248d1-cdc1-4d9a-b473-7e879cb0b7e9"><testcase classname="tests.test_brochure.TestBrochurePublic" name="test_status_200_no_auth" time="0.355" /><testcase classname="tests.test_brochure.TestBrochurePublic" name="test_content_type_pdf" time="0.000" /><testcase classname="tests.test_brochure.TestBrochurePublic" name="test_content_disposition_filename" time="0.000" /><testcase classname="tests.test_brochure.TestBrochurePublic" name="test_pdf_magic_and_size" time="0.000" /><testcase classname="tests.test_brochure.TestBrochurePublic" name="test_pdf_page_count_is_5" time="0.000" /><testcase classname="tests.test_brochure.TestBrochurePublic" name="test_ignores_bogus_bearer_token" time="0.382" /><testcase classname="tests.test_brochure.TestMarketingGalleryRegression" name="test_posts_listed" time="0.653" /><testcase classname="tests.test_brochure.TestMarketingGalleryRegression" name="test_images_load" time="1.505" /><testcase classname="tests.test_brochure.TestMainAppLoginRegression" name="test_admin_login" time="0.606" /></testsuite></testsuites>