<?xml version="1.0" encoding="utf-8"?><testsuites name="pytest tests"><testsuite name="pytest" errors="0" failures="0" skipped="0" tests="14" time="7.557" timestamp="2026-07-21T13:24:06.426085+00:00" hostname="agent-env-5c7ef5fe-ee13-406f-9d9b-62f59789c18e"><testcase classname="tests.test_iter5_defects" name="test_login_ok" time="0.552" /><testcase classname="tests.test_iter5_defects" name="test_run_calculations_recalculate" time="1.614" /><testcase classname="tests.test_iter5_defects" name="test_order_types_present" time="0.387" /><testcase classname="tests.test_iter5_defects" name="test_math_sales" time="0.406" /><testcase classname="tests.test_iter5_defects" name="test_math_dto" time="0.401" /><testcase classname="tests.test_iter5_defects" name="test_math_rto_internal_cancel" time="0.820" /><testcase classname="tests.test_iter5_defects" name="test_sales_search_partial" time="0.177" /><testcase classname="tests.test_iter5_defects" name="test_calc_search_partial" time="0.129" /><testcase classname="tests.test_iter5_defects" name="test_search_regex_metachar_no_500" time="1.327" /><testcase classname="tests.test_iter5_defects" name="test_masters_export" time="0.138" /><testcase classname="tests.test_iter5_defects" name="test_masters_import_merge" time="0.527" /><testcase classname="tests.test_iter5_defects" name="test_masters_import_replace" time="0.341" /><testcase classname="tests.test_iter5_defects" name="test_regression_endpoints" time="0.422" /><testcase classname="tests.test_iter5_defects" name="test_known_dto_order" time="0.081" /></testsuite></testsuites>