<?xml version="1.0" encoding="utf-8"?><testsuites name="pytest tests"><testsuite name="pytest" errors="0" failures="0" skipped="0" tests="6" time="7.218" timestamp="2026-07-21T14:28:02.897547+00:00" hostname="agent-env-5c7ef5fe-ee13-406f-9d9b-62f59789c18e"><testcase classname="tests.test_return_dto_fix" name="test_return_dto_math_uses_return_fee_master" time="0.796" /><testcase classname="tests.test_return_dto_fix" name="test_known_return_dto_order" time="0.473" /><testcase classname="tests.test_return_dto_fix" name="test_aggregate_return_fee_sum" time="1.366" /><testcase classname="tests.test_return_dto_fix" name="test_sales_regression" time="2.932" /><testcase classname="tests.test_return_dto_fix" name="test_rto_internal_zero" time="0.548" /><testcase classname="tests.test_return_dto_fix" name="test_dashboard_endpoints_still_200" time="0.778" /></testsuite></testsuites>