<?xml version="1.0" encoding="utf-8"?><testsuites name="pytest tests"><testsuite name="pytest" errors="0" failures="1" skipped="0" tests="14" time="6.743" timestamp="2026-07-19T16:05:17.808162+00:00" hostname="agent-env-5c7ef5fe-ee13-406f-9d9b-62f59789c18e"><testcase classname="tests.test_monthly_reports" name="test_reports_months_includes_apr26" time="0.590" /><testcase classname="tests.test_monthly_reports" name="test_reports_monthly" time="0.217" /><testcase classname="tests.test_monthly_reports" name="test_reports_monthly_bad_month" time="0.052" /><testcase classname="tests.test_monthly_reports" name="test_reports_monthly_export_xlsx" time="3.913" /><testcase classname="tests.test_monthly_reports" name="test_unmapped_summary" time="0.060" /><testcase classname="tests.test_monthly_reports" name="test_calculations_unmapped_only_filter" time="0.063" /><testcase classname="tests.test_monthly_reports" name="test_calculations_report_month_filter" time="0.083" /><testcase classname="tests.test_monthly_reports" name="test_unmapped_count_is_small" time="0.127" /><testcase classname="tests.test_monthly_reports" name="test_sales_months" time="0.063"><failure message="AssertionError: Expected 2026-04 in sales months, got [{'month': '2026-04', 'count': 14219}]&#10;assert '2026-04' in [{'month': '2026-04', 'count': 14219}]">backend/tests/test_monthly_reports.py:104: in test_sales_months
    assert MONTH in months, f"Expected {MONTH} in sales months, got {months}"
E   AssertionError: Expected 2026-04 in sales months, got [{'month': '2026-04', 'count': 14219}]
E   assert '2026-04' in [{'month': '2026-04', 'count': 14219}]</failure></testcase><testcase classname="tests.test_monthly_reports" name="test_settlement_settings_get_and_set" time="0.196" /><testcase classname="tests.test_monthly_reports" name="test_tax_rates_get_and_set" time="0.138" /><testcase classname="tests.test_monthly_reports" name="test_commission_rules_count" time="0.050" /><testcase classname="tests.test_monthly_reports" name="test_masters_seed_counts" time="0.192" /><testcase classname="tests.test_monthly_reports" name="test_reconciliation_with_report_month" time="0.271" /></testsuite></testsuites>