<?xml version="1.0" encoding="utf-8"?><testsuites name="pytest tests"><testsuite name="pytest" errors="0" failures="5" skipped="0" tests="39" time="22.124" timestamp="2026-07-20T08:35:40.008725+00:00" hostname="agent-env-5c7ef5fe-ee13-406f-9d9b-62f59789c18e"><testcase classname="tests.backend_test" name="test_health" time="0.125" /><testcase classname="tests.backend_test" name="test_login_invalid" time="0.448" /><testcase classname="tests.test_monthly_reports" name="test_reports_months_includes_apr26" time="0.574" /><testcase classname="tests.test_monthly_reports" name="test_reports_monthly" time="0.452"><failure message="KeyError: 'month'">backend/tests/test_monthly_reports.py:35: in test_reports_monthly
    assert data["month"] == MONTH
           ^^^^^^^^^^^^^
E   KeyError: 'month'</failure></testcase><testcase classname="tests.backend_test" name="test_auth_me" time="0.365" /><testcase classname="tests.backend_test" name="test_masters_commission_rules" time="0.053" /><testcase classname="tests.backend_test" name="test_masters_fixed_fees" time="0.087" /><testcase classname="tests.test_monthly_reports" name="test_reports_monthly_bad_month" time="0.083" /><testcase classname="tests.backend_test" name="test_masters_gt_charges" time="0.051" /><testcase classname="tests.test_monthly_reports" name="test_reports_monthly_export_xlsx" time="3.685" /><testcase classname="tests.backend_test" name="test_masters_return_fees" time="0.050" /><testcase classname="tests.backend_test" name="test_masters_subcat_levels" time="0.046" /><testcase classname="tests.backend_test" name="test_masters_tolerance_get_set" time="0.095" /><testcase classname="tests.backend_test" name="test_commission_rule_edit_persistence" time="2.951" /><testcase classname="tests.backend_test" name="test_uploads_list_and_pipeline" time="0.046"><failure message="FileNotFoundError: [Errno 2] No such file or directory: '/app/samples/synthetic_settlement.xlsx'">backend/tests/backend_test.py:132: in test_uploads_list_and_pipeline
    with open(f"{SAMPLES}/synthetic_settlement.xlsx", "rb") as f:
         ^^^^^^^^^^^^^^^^^^^^^^^^^^^^^^^^^^^^^^^^^^^^^^^^^^
E   FileNotFoundError: [Errno 2] No such file or directory: '/app/samples/synthetic_settlement.xlsx'</failure></testcase><testcase classname="tests.backend_test" name="test_run_reconciliation" time="0.059"><failure message="AssertionError: {&quot;detail&quot;:&quot;No settlement rows to reconcile. Please upload a settlement file for this month.&quot;}&#10;assert 400 == 200&#10; +  where 400 = &lt;Response [400]&gt;.status_code">backend/tests/backend_test.py:175: in test_run_reconciliation
    assert r.status_code == 200, r.text
E   AssertionError: {"detail":"No settlement rows to reconcile. Please upload a settlement file for this month."}
E   assert 400 == 200
E    +  where 400 = &lt;Response [400]&gt;.status_code</failure></testcase><testcase classname="tests.backend_test" name="test_recon_runs_list" time="0.053"><failure message="assert 0 &gt; 0&#10; +  where 0 = len([])">backend/tests/backend_test.py:186: in test_recon_runs_list
    assert len(runs) &gt; 0
E   assert 0 &gt; 0
E    +  where 0 = len([])</failure></testcase><testcase classname="tests.backend_test" name="test_discrepancies_list" time="0.047" /><testcase classname="tests.backend_test" name="test_recon_summary" time="0.051" /><testcase classname="tests.test_monthly_reports" name="test_unmapped_summary" time="0.199" /><testcase classname="tests.test_recovery_insights" name="test_dashboard_overview_no_period_value" time="0.505" /><testcase classname="tests.test_monthly_reports" name="test_calculations_unmapped_only_filter" time="0.046" /><testcase classname="tests.test_monthly_reports" name="test_calculations_report_month_filter" time="0.062" /><testcase classname="tests.test_recovery_insights" name="test_health_score_month" time="0.104" /><testcase classname="tests.test_monthly_reports" name="test_unmapped_count_is_small" time="0.174" /><testcase classname="tests.test_recovery_insights" name="test_health_score_quarter" time="0.103" /><testcase classname="tests.test_recovery_insights" name="test_health_score_ytd" time="0.147" /><testcase classname="tests.test_monthly_reports" name="test_sales_months" time="0.053" /><testcase classname="tests.test_monthly_reports" name="test_settlement_settings_get_and_set" time="1.596" /><testcase classname="tests.test_recovery_insights" name="test_morning_brief_executive" time="14.838" /><testcase classname="tests.test_monthly_reports" name="test_tax_rates_get_and_set" time="0.213" /><testcase classname="tests.test_monthly_reports" name="test_commission_rules_count" time="0.099" /><testcase classname="tests.test_monthly_reports" name="test_masters_seed_counts" time="0.184" /><testcase classname="tests.test_monthly_reports" name="test_reconciliation_with_report_month" time="0.043"><failure message="AssertionError: {&quot;detail&quot;:&quot;No settlement rows to reconcile. Please upload a settlement file for this month.&quot;}&#10;assert 400 == 200&#10; +  where 400 = &lt;Response [400]&gt;.status_code">backend/tests/test_monthly_reports.py:175: in test_reconciliation_with_report_month
    assert r.status_code == 200, r.text
E   AssertionError: {"detail":"No settlement rows to reconcile. Please upload a settlement file for this month."}
E   assert 400 == 200
E    +  where 400 = &lt;Response [400]&gt;.status_code</failure></testcase><testcase classname="tests.test_recovery_insights" name="test_briefs_list" time="0.047" /><testcase classname="tests.test_recovery_insights" name="test_recovery_summary" time="0.050" /><testcase classname="tests.test_recovery_insights" name="test_recovery_auto_create_zero" time="0.045" /><testcase classname="tests.test_recovery_insights" name="test_recovery_create_case_404" time="0.046" /><testcase classname="tests.test_recovery_insights" name="test_recovery_full_lifecycle" time="0.858" /></testsuite></testsuites>