<?xml version="1.0" encoding="utf-8"?><testsuites name="pytest tests"><testsuite name="pytest" errors="0" failures="0" skipped="1" tests="10" time="16.781" timestamp="2026-07-20T08:34:22.520997+00:00" hostname="agent-env-5c7ef5fe-ee13-406f-9d9b-62f59789c18e"><testcase classname="tests.test_recovery_insights" name="test_dashboard_overview_no_period_value" time="0.585" /><testcase classname="tests.test_recovery_insights" name="test_health_score_month" time="0.107" /><testcase classname="tests.test_recovery_insights" name="test_health_score_quarter" time="0.106" /><testcase classname="tests.test_recovery_insights" name="test_health_score_ytd" time="0.107" /><testcase classname="tests.test_recovery_insights" name="test_morning_brief_executive" time="15.139" /><testcase classname="tests.test_recovery_insights" name="test_briefs_list" time="0.051" /><testcase classname="tests.test_recovery_insights" name="test_recovery_summary" time="0.047" /><testcase classname="tests.test_recovery_insights" name="test_recovery_auto_create_zero" time="0.047" /><testcase classname="tests.test_recovery_insights" name="test_recovery_create_case_404" time="0.046" /><testcase classname="tests.test_recovery_insights" name="test_recovery_full_lifecycle" time="0.113"><skipped type="pytest.skip" message="No discrepancies available for full lifecycle test">/app/backend/tests/test_recovery_insights.py:140: No discrepancies available for full lifecycle test</skipped></testcase></testsuite></testsuites>