<?xml version="1.0" encoding="utf-8"?><testsuites name="pytest tests"><testsuite name="pytest" errors="0" failures="0" skipped="0" tests="10" time="1.350" timestamp="2026-07-21T14:52:22.856082+00:00" hostname="agent-env-5c7ef5fe-ee13-406f-9d9b-62f59789c18e"><testcase classname="tests.test_login_cors_regression.TestCORS" name="test_preflight_fundlezone_origin_echoed" time="0.004" /><testcase classname="tests.test_login_cors_regression.TestCORS" name="test_preflight_random_origin_echoed" time="0.002" /><testcase classname="tests.test_login_cors_regression.TestLogin" name="test_valid_login_fast" time="0.226" /><testcase classname="tests.test_login_cors_regression.TestAuthenticatedEndpoints" name="test_endpoint_200[/api/dashboard/overview]" time="0.244" /><testcase classname="tests.test_login_cors_regression.TestLogin" name="test_invalid_password_401_fast" time="0.234" /><testcase classname="tests.test_login_cors_regression.TestAuthenticatedEndpoints" name="test_endpoint_200[/api/calculations?limit=1]" time="0.024" /><testcase classname="tests.test_login_cors_regression.TestAuthenticatedEndpoints" name="test_endpoint_200[/api/masters/export]" time="0.085" /><testcase classname="tests.test_login_cors_regression.TestAuthenticatedEndpoints" name="test_endpoint_200[/api/insights/health-score]" time="0.077" /><testcase classname="tests.test_login_cors_regression.TestAuthenticatedEndpoints" name="test_endpoint_200[/api/recovery/summary]" time="0.005" /><testcase classname="tests.test_login_cors_regression.TestConcurrentLogin" name="test_5_concurrent_logins_no_stall" time="0.548" /></testsuite></testsuites>