<?xml version="1.0" encoding="utf-8"?><testsuites name="pytest tests"><testsuite name="pytest" errors="0" failures="0" skipped="0" tests="15" time="2.972" timestamp="2026-07-19T15:30:45.471045+00:00" hostname="agent-env-5c7ef5fe-ee13-406f-9d9b-62f59789c18e"><testcase classname="tests.backend_test" name="test_health" time="0.183" /><testcase classname="tests.backend_test" name="test_login_invalid" time="0.369" /><testcase classname="tests.backend_test" name="test_auth_me" time="0.426" /><testcase classname="tests.backend_test" name="test_masters_commission_rules" time="0.056" /><testcase classname="tests.backend_test" name="test_masters_fixed_fees" time="0.052" /><testcase classname="tests.backend_test" name="test_masters_gt_charges" time="0.060" /><testcase classname="tests.backend_test" name="test_masters_return_fees" time="0.051" /><testcase classname="tests.backend_test" name="test_masters_subcat_levels" time="0.050" /><testcase classname="tests.backend_test" name="test_masters_tolerance_get_set" time="0.109" /><testcase classname="tests.backend_test" name="test_commission_rule_edit_persistence" time="0.153" /><testcase classname="tests.backend_test" name="test_uploads_list_and_pipeline" time="0.380" /><testcase classname="tests.backend_test" name="test_run_reconciliation" time="0.352" /><testcase classname="tests.backend_test" name="test_recon_runs_list" time="0.070" /><testcase classname="tests.backend_test" name="test_discrepancies_list" time="0.051" /><testcase classname="tests.backend_test" name="test_recon_summary" time="0.057" /></testsuite></testsuites>